{
  "stats": {
    "suites": 1,
    "tests": 3,
    "passes": 3,
    "pending": 0,
    "failures": 0,
    "start": "2024-01-29T18:22:58.439Z",
    "end": "2024-01-29T18:23:48.892Z",
    "duration": 50453,
    "testsRegistered": 3,
    "passPercent": 100,
    "pendingPercent": 0,
    "other": 0,
    "hasOther": false,
    "skipped": 0,
    "hasSkipped": false
  },
  "results": [
    {
      "uuid": "ef54c568-0a2d-49c5-b619-bc847a1876ce",
      "title": "",
      "fullFile": "cypress\\e2e\\registration.cy.ts",
      "file": "cypress\\e2e\\registration.cy.ts",
      "beforeHooks": [],
      "afterHooks": [],
      "tests": [],
      "suites": [
        {
          "uuid": "0937798b-b7e8-4c72-94d7-82b66eeb7548",
          "title": "MY ACCOUNT - REGISTRATION",
          "fullFile": "",
          "file": "",
          "beforeHooks": [],
          "afterHooks": [],
          "tests": [
            {
              "title": "Sign in",
              "fullTitle": "MY ACCOUNT - REGISTRATION Sign in",
              "timedOut": null,
              "duration": 28058,
              "state": "passed",
              "speed": "slow",
              "pass": true,
              "fail": false,
              "pending": false,
              "context": null,
              "code": "var user = helper_1.helpers.createsNewUser();\nmyAccount_page_1.myAccountPage.registerNewUser(user.email, user.password);\nmyAccount_page_1.myAccountPage.getLogInMesageWelcome().should('exist').and('include.text', \"\".concat(user.name, \".\").concat(user.lastname));",
              "err": {},
              "uuid": "9facb238-b9a8-4dee-ba54-6445d92e51e9",
              "parentUUID": "0937798b-b7e8-4c72-94d7-82b66eeb7548",
              "isHook": false,
              "skipped": false
            },
            {
              "title": "Registration with invalid email",
              "fullTitle": "MY ACCOUNT - REGISTRATION Registration with invalid email",
              "timedOut": null,
              "duration": 12082,
              "state": "passed",
              "speed": "slow",
              "pass": true,
              "fail": false,
              "pending": false,
              "context": null,
              "code": "var user = helper_1.helpers.createsNewUser();\nmyAccount_page_1.myAccountPage.registerNewUser(\"\".concat(user.name, \"@lamd\"), user.password);\nmyAccount_page_1.myAccountPage.getErrorMessage().should('exist').and('include.text', 'Error: Please provide a valid email address.');",
              "err": {},
              "uuid": "bfaaf3ba-ee9c-4087-8d3a-9547e529af81",
              "parentUUID": "0937798b-b7e8-4c72-94d7-82b66eeb7548",
              "isHook": false,
              "skipped": false
            },
            {
              "title": "Registration with empty password",
              "fullTitle": "MY ACCOUNT - REGISTRATION Registration with empty password",
              "timedOut": null,
              "duration": 9834,
              "state": "passed",
              "speed": "medium",
              "pass": true,
              "fail": false,
              "pending": false,
              "context": null,
              "code": "var user = helper_1.helpers.createsNewUser();\nmyAccount_page_1.myAccountPage.registerNewUser(user.email, null);\nmyAccount_page_1.myAccountPage.getErrorMessage().should('exist').and('include.text', 'Error: Please enter an account password.');",
              "err": {},
              "uuid": "68ae181e-e577-49af-810b-7b6667c63d41",
              "parentUUID": "0937798b-b7e8-4c72-94d7-82b66eeb7548",
              "isHook": false,
              "skipped": false
            }
          ],
          "suites": [],
          "passes": [
            "9facb238-b9a8-4dee-ba54-6445d92e51e9",
            "bfaaf3ba-ee9c-4087-8d3a-9547e529af81",
            "68ae181e-e577-49af-810b-7b6667c63d41"
          ],
          "failures": [],
          "pending": [],
          "skipped": [],
          "duration": 49974,
          "root": false,
          "rootEmpty": false,
          "_timeout": 2000
        }
      ],
      "passes": [],
      "failures": [],
      "pending": [],
      "skipped": [],
      "duration": 0,
      "root": true,
      "rootEmpty": true,
      "_timeout": 2000
    }
  ],
  "meta": {
    "mocha": {
      "version": "7.0.1"
    },
    "mochawesome": {
      "options": {
        "quiet": false,
        "reportFilename": "mochawesome",
        "saveHtml": false,
        "saveJson": true,
        "consoleReporter": "spec",
        "useInlineDiffs": false,
        "code": true
      },
      "version": "7.1.3"
    },
    "marge": {
      "options": {
        "reportDir": "cypress/results",
        "overwrite": false,
        "html": false,
        "json": true
      },
      "version": "6.2.0"
    }
  }
}