{
  "stats": {
    "suites": 1,
    "tests": 3,
    "passes": 3,
    "pending": 0,
    "failures": 0,
    "start": "2024-01-29T18:22:06.372Z",
    "end": "2024-01-29T18:22:39.363Z",
    "duration": 32991,
    "testsRegistered": 3,
    "passPercent": 100,
    "pendingPercent": 0,
    "other": 0,
    "hasOther": false,
    "skipped": 0,
    "hasSkipped": false
  },
  "results": [
    {
      "uuid": "d1c00254-fba8-4cd5-8876-ae5cae3b1e5f",
      "title": "",
      "fullFile": "cypress\\e2e\\myAccount.cy.ts",
      "file": "cypress\\e2e\\myAccount.cy.ts",
      "beforeHooks": [],
      "afterHooks": [],
      "tests": [],
      "suites": [
        {
          "uuid": "5528f506-f0b2-4113-9216-89ea299ca195",
          "title": "MY ACCOUNT - LOGIN",
          "fullFile": "",
          "file": "",
          "beforeHooks": [],
          "afterHooks": [],
          "tests": [
            {
              "title": "Login with valid username and password",
              "fullTitle": "MY ACCOUNT - LOGIN Login with valid username and password",
              "timedOut": null,
              "duration": 21078,
              "state": "passed",
              "speed": "slow",
              "pass": true,
              "fail": false,
              "pending": false,
              "context": null,
              "code": "myAccount_page_1.myAccountPage.logIn(username, password);\nmyAccount_page_1.myAccountPage.getLogInMesageWelcome().should('exist').and('include.text', 'tonytest');",
              "err": {},
              "uuid": "127e7f9d-1be5-49b9-88d0-92409c337e51",
              "parentUUID": "5528f506-f0b2-4113-9216-89ea299ca195",
              "isHook": false,
              "skipped": false
            },
            {
              "title": "Login with incorrect username and incorrect password",
              "fullTitle": "MY ACCOUNT - LOGIN Login with incorrect username and incorrect password",
              "timedOut": null,
              "duration": 6778,
              "state": "passed",
              "speed": "medium",
              "pass": true,
              "fail": false,
              "pending": false,
              "context": null,
              "code": "myAccount_page_1.myAccountPage.logIn('prueba', 'prueba');\nmyAccount_page_1.myAccountPage.getLogInMesageWelcome().should('not.exist');\nmyAccount_page_1.myAccountPage.getErrorMessage().should('exist').and('be.visible');\nmyAccount_page_1.myAccountPage.getLoginSection().should('exist').and('be.visible');",
              "err": {},
              "uuid": "a4752506-5589-4b5b-9e7c-d4ba9f652e4e",
              "parentUUID": "5528f506-f0b2-4113-9216-89ea299ca195",
              "isHook": false,
              "skipped": false
            },
            {
              "title": "Password should be masked",
              "fullTitle": "MY ACCOUNT - LOGIN Password should be masked",
              "timedOut": null,
              "duration": 4855,
              "state": "passed",
              "speed": "fast",
              "pass": true,
              "fail": false,
              "pending": false,
              "context": null,
              "code": "myAccount_page_1.myAccountPage.getUsernameLabel().type(username);\nmyAccount_page_1.myAccountPage.getPasswordLabel().type(password, { log: false });\nmyAccount_page_1.myAccountPage.getPasswordLabel().should('have.attr', 'type', 'password');",
              "err": {},
              "uuid": "5860f323-282c-434c-b686-68fee876953e",
              "parentUUID": "5528f506-f0b2-4113-9216-89ea299ca195",
              "isHook": false,
              "skipped": false
            }
          ],
          "suites": [],
          "passes": [
            "127e7f9d-1be5-49b9-88d0-92409c337e51",
            "a4752506-5589-4b5b-9e7c-d4ba9f652e4e",
            "5860f323-282c-434c-b686-68fee876953e"
          ],
          "failures": [],
          "pending": [],
          "skipped": [],
          "duration": 32711,
          "root": false,
          "rootEmpty": false,
          "_timeout": 2000
        }
      ],
      "passes": [],
      "failures": [],
      "pending": [],
      "skipped": [],
      "duration": 0,
      "root": true,
      "rootEmpty": true,
      "_timeout": 2000
    }
  ],
  "meta": {
    "mocha": {
      "version": "7.0.1"
    },
    "mochawesome": {
      "options": {
        "quiet": false,
        "reportFilename": "mochawesome",
        "saveHtml": false,
        "saveJson": true,
        "consoleReporter": "spec",
        "useInlineDiffs": false,
        "code": true
      },
      "version": "7.1.3"
    },
    "marge": {
      "options": {
        "reportDir": "cypress/results",
        "overwrite": false,
        "html": false,
        "json": true
      },
      "version": "6.2.0"
    }
  }
}