{
  "stats": {
    "suites": 1,
    "tests": 1,
    "passes": 1,
    "pending": 0,
    "failures": 0,
    "start": "2024-01-29T18:23:52.421Z",
    "end": "2024-01-29T18:25:00.111Z",
    "duration": 67690,
    "testsRegistered": 1,
    "passPercent": 100,
    "pendingPercent": 0,
    "other": 0,
    "hasOther": false,
    "skipped": 0,
    "hasSkipped": false
  },
  "results": [
    {
      "uuid": "42f8399b-e20b-4e94-a1d1-4a182a08e58d",
      "title": "",
      "fullFile": "cypress\\e2e\\shop.cy.ts",
      "file": "cypress\\e2e\\shop.cy.ts",
      "beforeHooks": [],
      "afterHooks": [],
      "tests": [],
      "suites": [
        {
          "uuid": "a82e317a-9f84-41e9-8d26-c922bd65323c",
          "title": "SHOP",
          "fullFile": "",
          "file": "",
          "beforeHooks": [],
          "afterHooks": [],
          "tests": [
            {
              "title": "Filter by price between 280 and 428",
              "fullTitle": "SHOP Filter by price between 280 and 428",
              "timedOut": null,
              "duration": 67524,
              "state": "passed",
              "speed": "slow",
              "pass": true,
              "fail": false,
              "pending": false,
              "context": null,
              "code": "shop_page_1.shopPage.filterByPrice(from, to);\nshop_page_1.shopPage.getFromPriceLabel().should('include.text', from);\nshop_page_1.shopPage.getToPriceLabel().should('include.text', to);\nshop_page_1.shopPage.clickFilterButton();\nshop_page_1.shopPage.priceOfProductsInRange(from, to);",
              "err": {},
              "uuid": "1d5f94f1-2c62-483a-8cd5-671a4c356a20",
              "parentUUID": "a82e317a-9f84-41e9-8d26-c922bd65323c",
              "isHook": false,
              "skipped": false
            }
          ],
          "suites": [],
          "passes": [
            "1d5f94f1-2c62-483a-8cd5-671a4c356a20"
          ],
          "failures": [],
          "pending": [],
          "skipped": [],
          "duration": 67524,
          "root": false,
          "rootEmpty": false,
          "_timeout": 2000
        }
      ],
      "passes": [],
      "failures": [],
      "pending": [],
      "skipped": [],
      "duration": 0,
      "root": true,
      "rootEmpty": true,
      "_timeout": 2000
    }
  ],
  "meta": {
    "mocha": {
      "version": "7.0.1"
    },
    "mochawesome": {
      "options": {
        "quiet": false,
        "reportFilename": "mochawesome",
        "saveHtml": false,
        "saveJson": true,
        "consoleReporter": "spec",
        "useInlineDiffs": false,
        "code": true
      },
      "version": "7.1.3"
    },
    "marge": {
      "options": {
        "reportDir": "cypress/results",
        "overwrite": false,
        "html": false,
        "json": true
      },
      "version": "6.2.0"
    }
  }
}